2024-07-31T16:15:13.705Z 0: 

----------------------------------------------
2024-07-31T16:15:13.711Z 1: Discord starting: {"releaseChannel":"stable","version":"0.0.62"}, modulepath: /home/carne/.config/discord/0.0.62/modules
2024-07-31T16:15:13.715Z 2: ✅ webContents.created web1 ""
2024-07-31T16:15:13.717Z 3: ✅ window.created win1 "discord"
2024-07-31T16:15:14.191Z 4: ✅ webContents.did-finish-load web1
2024-07-31T16:15:18.646Z 5: ✅ webContents.created web2 ""
2024-07-31T16:15:18.653Z 6: ✅ window.created win2 "Discord"
2024-07-31T16:15:20.208Z 7: ✅ webContents.did-finish-load web2
2024-07-31T16:15:20.307Z 8: window.close win1
2024-07-31T16:15:21.375Z 9: webContents.destroyed web1
2024-07-31T16:15:21.380Z 10: window.closed win1
2024-07-31T16:16:35.561Z 11: window.close win2
2024-07-31T16:16:37.635Z 12: window.close win2
2024-07-31T17:07:54.692Z 0: 

----------------------------------------------
2024-07-31T17:07:54.703Z 1: Discord starting: {"releaseChannel":"stable","version":"0.0.62"}, modulepath: /home/carne/.config/discord/0.0.62/modules
2024-07-31T17:07:54.706Z 2: ✅ webContents.created web1 ""
2024-07-31T17:07:54.709Z 3: ✅ window.created win1 "discord"
2024-07-31T17:07:55.208Z 4: ✅ webContents.did-finish-load web1
2024-07-31T17:07:55.561Z 5: ✅ webContents.created web2 ""
2024-07-31T17:07:55.566Z 6: ✅ window.created win2 "Discord"
2024-07-31T17:07:58.364Z 7: ✅ webContents.did-finish-load web2
2024-07-31T17:07:58.458Z 8: window.close win1
2024-07-31T17:07:58.492Z 9: webContents.destroyed web1
2024-07-31T17:07:58.494Z 10: window.closed win1
2024-07-31T18:01:44.965Z 11: before-quit
2024-07-31T19:46:14.966Z 0: 

----------------------------------------------
2024-07-31T19:46:14.975Z 1: Discord starting: {"releaseChannel":"stable","version":"0.0.62"}, modulepath: /home/carne/.config/discord/0.0.62/modules
2024-07-31T19:46:14.978Z 2: ✅ webContents.created web1 ""
2024-07-31T19:46:14.981Z 3: ✅ window.created win1 "discord"
2024-07-31T19:46:15.421Z 4: ✅ webContents.did-finish-load web1
2024-07-31T19:46:15.814Z 5: ✅ webContents.created web2 ""
2024-07-31T19:46:15.818Z 6: ✅ window.created win2 "Discord"
2024-07-31T19:46:18.061Z 7: ✅ webContents.did-finish-load web2
2024-07-31T19:46:18.155Z 8: window.close win1
2024-07-31T19:46:18.169Z 9: webContents.destroyed web1
2024-07-31T19:46:18.171Z 10: window.closed win1
2024-07-31T20:00:54.953Z 11: before-quit
2024-07-31T20:14:09.397Z 0: 

----------------------------------------------
2024-07-31T20:14:09.407Z 1: Discord starting: {"releaseChannel":"stable","version":"0.0.62"}, modulepath: /home/carne/.config/discord/0.0.62/modules
2024-07-31T20:14:09.410Z 2: ✅ webContents.created web1 ""
2024-07-31T20:14:09.412Z 3: ✅ window.created win1 "discord"
2024-07-31T20:14:09.805Z 4: ✅ webContents.did-finish-load web1
2024-07-31T20:14:10.222Z 5: ✅ webContents.created web2 ""
2024-07-31T20:14:10.226Z 6: ✅ window.created win2 "Discord"
2024-07-31T20:14:12.488Z 7: ✅ webContents.did-finish-load web2
2024-07-31T20:14:12.581Z 8: window.close win1
2024-07-31T20:14:12.600Z 9: webContents.destroyed web1
2024-07-31T20:14:12.602Z 10: window.closed win1
2024-07-31T22:15:37.852Z 11: window.close win2
2024-07-31T22:15:39.633Z 12: before-quit
2024-07-31T22:15:39.639Z 13: window.close win2
2024-07-31T22:15:39.739Z 14: webContents.destroyed web2
