2024-07-31T16:15:13.636Z [Modules] Modules initializing
2024-07-31T16:15:13.636Z [Modules] Distribution: remote
2024-07-31T16:15:13.636Z [Modules] Host updates: enabled
2024-07-31T16:15:13.637Z [Modules] Module updates: enabled
2024-07-31T16:15:13.637Z [Modules] Module install path: /home/carne/.config/discord/0.0.62/modules
2024-07-31T16:15:13.637Z [Modules] Module installed file path: /home/carne/.config/discord/0.0.62/modules/installed.json
2024-07-31T16:15:13.637Z [Modules] Module download path: /home/carne/.config/discord/0.0.62/modules/pending
2024-07-31T16:15:14.101Z [Modules] Bootstrapping...
2024-07-31T16:15:14.101Z [Modules] Installing discord_desktop_core@0 from /opt/discord/resources/bootstrap/discord_desktop_core.zip
2024-07-31T16:15:14.104Z [Modules] Failed installing discord_desktop_core@0: Error: ENOENT: no such file or directory, open '/opt/discord/resources/bootstrap/discord_desktop_core.zip'
2024-07-31T16:15:14.104Z [Modules] Installing discord_erlpack@0 from /opt/discord/resources/bootstrap/discord_erlpack.zip
2024-07-31T16:15:14.109Z [Modules] Failed installing discord_erlpack@0: Error: ENOENT: no such file or directory, open '/opt/discord/resources/bootstrap/discord_erlpack.zip'
2024-07-31T16:15:14.109Z [Modules] Installing discord_spellcheck@0 from /opt/discord/resources/bootstrap/discord_spellcheck.zip
2024-07-31T16:15:14.111Z [Modules] Failed installing discord_spellcheck@0: Error: ENOENT: no such file or directory, open '/opt/discord/resources/bootstrap/discord_spellcheck.zip'
2024-07-31T16:15:14.111Z [Modules] Installing discord_utils@0 from /opt/discord/resources/bootstrap/discord_utils.zip
2024-07-31T16:15:14.112Z [Modules] Failed installing discord_utils@0: Error: ENOENT: no such file or directory, open '/opt/discord/resources/bootstrap/discord_utils.zip'
2024-07-31T16:15:14.113Z [Modules] Installing discord_voice@0 from /opt/discord/resources/bootstrap/discord_voice.zip
2024-07-31T16:15:14.113Z [Modules] Failed installing discord_voice@0: Error: ENOENT: no such file or directory, open '/opt/discord/resources/bootstrap/discord_voice.zip'
2024-07-31T16:15:14.113Z [Modules] Installing discord_zstd@0 from /opt/discord/resources/bootstrap/discord_zstd.zip
2024-07-31T16:15:14.114Z [Modules] Failed installing discord_zstd@0: Error: ENOENT: no such file or directory, open '/opt/discord/resources/bootstrap/discord_zstd.zip'
2024-07-31T16:15:14.114Z [Modules] Finished module installations. [success: 0] [failure: 6]
2024-07-31T16:15:14.115Z [Modules] Checking for host updates.
2024-07-31T16:15:14.380Z [Modules] Host is up to date.
2024-07-31T16:15:14.380Z [Modules] Checking for module updates at https://discord.com/api/modules/stable/versions.json
2024-07-31T16:15:14.426Z [Modules] Module update available: discord_desktop_core@1 [installed: 0]
2024-07-31T16:15:14.426Z [Modules] Module update available: discord_erlpack@1 [installed: 0]
2024-07-31T16:15:14.426Z [Modules] Module update available: discord_spellcheck@1 [installed: 0]
2024-07-31T16:15:14.427Z [Modules] Module update available: discord_utils@1 [installed: 0]
2024-07-31T16:15:14.427Z [Modules] Module update available: discord_voice@1 [installed: 0]
2024-07-31T16:15:14.427Z [Modules] Module update available: discord_zstd@1 [installed: 0]
2024-07-31T16:15:14.427Z [Modules] Fetching discord_desktop_core@1 from https://discord.com/api/modules/stable/discord_desktop_core/1
2024-07-31T16:15:14.427Z [Modules] Streaming discord_desktop_core@1 to /home/carne/.config/discord/0.0.62/modules/pending/discord_desktop_core-1.zip
2024-07-31T16:15:14.768Z [Modules] Streaming discord_desktop_core@1 to /home/carne/.config/discord/0.0.62/modules/pending/discord_desktop_core-1.zip: 1%
2024-07-31T16:15:14.784Z [Modules] Streaming discord_desktop_core@1 to /home/carne/.config/discord/0.0.62/modules/pending/discord_desktop_core-1.zip: 2%
2024-07-31T16:15:14.804Z [Modules] Streaming discord_desktop_core@1 to /home/carne/.config/discord/0.0.62/modules/pending/discord_desktop_core-1.zip: 3%
2024-07-31T16:15:14.814Z [Modules] Streaming discord_desktop_core@1 to /home/carne/.config/discord/0.0.62/modules/pending/discord_desktop_core-1.zip: 4%
2024-07-31T16:15:14.838Z [Modules] Streaming discord_desktop_core@1 to /home/carne/.config/discord/0.0.62/modules/pending/discord_desktop_core-1.zip: 7%
2024-07-31T16:15:14.846Z [Modules] Streaming discord_desktop_core@1 to /home/carne/.config/discord/0.0.62/modules/pending/discord_desktop_core-1.zip: 8%
2024-07-31T16:15:14.849Z [Modules] Streaming discord_desktop_core@1 to /home/carne/.config/discord/0.0.62/modules/pending/discord_desktop_core-1.zip: 9%
2024-07-31T16:15:14.855Z [Modules] Streaming discord_desktop_core@1 to /home/carne/.config/discord/0.0.62/modules/pending/discord_desktop_core-1.zip: 10%
2024-07-31T16:15:14.859Z [Modules] Streaming discord_desktop_core@1 to /home/carne/.config/discord/0.0.62/modules/pending/discord_desktop_core-1.zip: 11%
2024-07-31T16:15:14.863Z [Modules] Streaming discord_desktop_core@1 to /home/carne/.config/discord/0.0.62/modules/pending/discord_desktop_core-1.zip: 12%
2024-07-31T16:15:14.869Z [Modules] Streaming discord_desktop_core@1 to /home/carne/.config/discord/0.0.62/modules/pending/discord_desktop_core-1.zip: 15%
2024-07-31T16:15:14.875Z [Modules] Streaming discord_desktop_core@1 to /home/carne/.config/discord/0.0.62/modules/pending/discord_desktop_core-1.zip: 18%
2024-07-31T16:15:14.881Z [Modules] Streaming discord_desktop_core@1 to /home/carne/.config/discord/0.0.62/modules/pending/discord_desktop_core-1.zip: 20%
2024-07-31T16:15:14.887Z [Modules] Streaming discord_desktop_core@1 to /home/carne/.config/discord/0.0.62/modules/pending/discord_desktop_core-1.zip: 23%
2024-07-31T16:15:14.890Z [Modules] Streaming discord_desktop_core@1 to /home/carne/.config/discord/0.0.62/modules/pending/discord_desktop_core-1.zip: 25%
2024-07-31T16:15:14.895Z [Modules] Streaming discord_desktop_core@1 to /home/carne/.config/discord/0.0.62/modules/pending/discord_desktop_core-1.zip: 27%
2024-07-31T16:15:14.899Z [Modules] Streaming discord_desktop_core@1 to /home/carne/.config/discord/0.0.62/modules/pending/discord_desktop_core-1.zip: 30%
2024-07-31T16:15:14.902Z [Modules] Streaming discord_desktop_core@1 to /home/carne/.config/discord/0.0.62/modules/pending/discord_desktop_core-1.zip: 33%
2024-07-31T16:15:14.906Z [Modules] Streaming discord_desktop_core@1 to /home/carne/.config/discord/0.0.62/modules/pending/discord_desktop_core-1.zip: 35%
2024-07-31T16:15:14.908Z [Modules] Streaming discord_desktop_core@1 to /home/carne/.config/discord/0.0.62/modules/pending/discord_desktop_core-1.zip: 38%
2024-07-31T16:15:14.911Z [Modules] Streaming discord_desktop_core@1 to /home/carne/.config/discord/0.0.62/modules/pending/discord_desktop_core-1.zip: 40%
2024-07-31T16:15:14.913Z [Modules] Streaming discord_desktop_core@1 to /home/carne/.config/discord/0.0.62/modules/pending/discord_desktop_core-1.zip: 42%
2024-07-31T16:15:14.913Z [Modules] Streaming discord_desktop_core@1 to /home/carne/.config/discord/0.0.62/modules/pending/discord_desktop_core-1.zip: 43%
2024-07-31T16:15:14.915Z [Modules] Streaming discord_desktop_core@1 to /home/carne/.config/discord/0.0.62/modules/pending/discord_desktop_core-1.zip: 45%
2024-07-31T16:15:14.917Z [Modules] Streaming discord_desktop_core@1 to /home/carne/.config/discord/0.0.62/modules/pending/discord_desktop_core-1.zip: 48%
2024-07-31T16:15:14.919Z [Modules] Streaming discord_desktop_core@1 to /home/carne/.config/discord/0.0.62/modules/pending/discord_desktop_core-1.zip: 49%
2024-07-31T16:15:14.923Z [Modules] Streaming discord_desktop_core@1 to /home/carne/.config/discord/0.0.62/modules/pending/discord_desktop_core-1.zip: 52%
2024-07-31T16:15:14.924Z [Modules] Streaming discord_desktop_core@1 to /home/carne/.config/discord/0.0.62/modules/pending/discord_desktop_core-1.zip: 53%
2024-07-31T16:15:14.925Z [Modules] Streaming discord_desktop_core@1 to /home/carne/.config/discord/0.0.62/modules/pending/discord_desktop_core-1.zip: 56%
2024-07-31T16:15:14.927Z [Modules] Streaming discord_desktop_core@1 to /home/carne/.config/discord/0.0.62/modules/pending/discord_desktop_core-1.zip: 58%
2024-07-31T16:15:14.930Z [Modules] Streaming discord_desktop_core@1 to /home/carne/.config/discord/0.0.62/modules/pending/discord_desktop_core-1.zip: 61%
2024-07-31T16:15:14.930Z [Modules] Streaming discord_desktop_core@1 to /home/carne/.config/discord/0.0.62/modules/pending/discord_desktop_core-1.zip: 62%
2024-07-31T16:15:14.931Z [Modules] Streaming discord_desktop_core@1 to /home/carne/.config/discord/0.0.62/modules/pending/discord_desktop_core-1.zip: 65%
2024-07-31T16:15:14.933Z [Modules] Streaming discord_desktop_core@1 to /home/carne/.config/discord/0.0.62/modules/pending/discord_desktop_core-1.zip: 67%
2024-07-31T16:15:14.934Z [Modules] Streaming discord_desktop_core@1 to /home/carne/.config/discord/0.0.62/modules/pending/discord_desktop_core-1.zip: 70%
2024-07-31T16:15:14.936Z [Modules] Streaming discord_desktop_core@1 to /home/carne/.config/discord/0.0.62/modules/pending/discord_desktop_core-1.zip: 73%
2024-07-31T16:15:14.937Z [Modules] Streaming discord_desktop_core@1 to /home/carne/.config/discord/0.0.62/modules/pending/discord_desktop_core-1.zip: 75%
2024-07-31T16:15:14.940Z [Modules] Streaming discord_desktop_core@1 to /home/carne/.config/discord/0.0.62/modules/pending/discord_desktop_core-1.zip: 78%
2024-07-31T16:15:14.941Z [Modules] Streaming discord_desktop_core@1 to /home/carne/.config/discord/0.0.62/modules/pending/discord_desktop_core-1.zip: 79%
2024-07-31T16:15:14.942Z [Modules] Streaming discord_desktop_core@1 to /home/carne/.config/discord/0.0.62/modules/pending/discord_desktop_core-1.zip: 81%
2024-07-31T16:15:14.942Z [Modules] Streaming discord_desktop_core@1 to /home/carne/.config/discord/0.0.62/modules/pending/discord_desktop_core-1.zip: 82%
2024-07-31T16:15:14.943Z [Modules] Streaming discord_desktop_core@1 to /home/carne/.config/discord/0.0.62/modules/pending/discord_desktop_core-1.zip: 83%
2024-07-31T16:15:14.944Z [Modules] Streaming discord_desktop_core@1 to /home/carne/.config/discord/0.0.62/modules/pending/discord_desktop_core-1.zip: 86%
2024-07-31T16:15:14.946Z [Modules] Streaming discord_desktop_core@1 to /home/carne/.config/discord/0.0.62/modules/pending/discord_desktop_core-1.zip: 88%
2024-07-31T16:15:14.946Z [Modules] Streaming discord_desktop_core@1 to /home/carne/.config/discord/0.0.62/modules/pending/discord_desktop_core-1.zip: 90%
2024-07-31T16:15:14.948Z [Modules] Streaming discord_desktop_core@1 to /home/carne/.config/discord/0.0.62/modules/pending/discord_desktop_core-1.zip: 93%
2024-07-31T16:15:14.948Z [Modules] Streaming discord_desktop_core@1 to /home/carne/.config/discord/0.0.62/modules/pending/discord_desktop_core-1.zip: 95%
2024-07-31T16:15:14.950Z [Modules] Streaming discord_desktop_core@1 to /home/carne/.config/discord/0.0.62/modules/pending/discord_desktop_core-1.zip: 97%
2024-07-31T16:15:14.950Z [Modules] Streaming discord_desktop_core@1 to /home/carne/.config/discord/0.0.62/modules/pending/discord_desktop_core-1.zip: 99%
2024-07-31T16:15:14.952Z [Modules] Streaming discord_desktop_core@1 to /home/carne/.config/discord/0.0.62/modules/pending/discord_desktop_core-1.zip: 100%
2024-07-31T16:15:14.954Z [Modules] Fetching discord_erlpack@1 from https://discord.com/api/modules/stable/discord_erlpack/1
2024-07-31T16:15:14.954Z [Modules] Streaming discord_erlpack@1 to /home/carne/.config/discord/0.0.62/modules/pending/discord_erlpack-1.zip
2024-07-31T16:15:15.182Z [Modules] Streaming discord_erlpack@1 to /home/carne/.config/discord/0.0.62/modules/pending/discord_erlpack-1.zip: 3%
2024-07-31T16:15:15.184Z [Modules] Streaming discord_erlpack@1 to /home/carne/.config/discord/0.0.62/modules/pending/discord_erlpack-1.zip: 6%
2024-07-31T16:15:15.185Z [Modules] Streaming discord_erlpack@1 to /home/carne/.config/discord/0.0.62/modules/pending/discord_erlpack-1.zip: 9%
2024-07-31T16:15:15.186Z [Modules] Streaming discord_erlpack@1 to /home/carne/.config/discord/0.0.62/modules/pending/discord_erlpack-1.zip: 12%
2024-07-31T16:15:15.187Z [Modules] Streaming discord_erlpack@1 to /home/carne/.config/discord/0.0.62/modules/pending/discord_erlpack-1.zip: 18%
2024-07-31T16:15:15.187Z [Modules] Streaming discord_erlpack@1 to /home/carne/.config/discord/0.0.62/modules/pending/discord_erlpack-1.zip: 24%
2024-07-31T16:15:15.188Z [Modules] Streaming discord_erlpack@1 to /home/carne/.config/discord/0.0.62/modules/pending/discord_erlpack-1.zip: 31%
2024-07-31T16:15:15.189Z [Modules] Streaming discord_erlpack@1 to /home/carne/.config/discord/0.0.62/modules/pending/discord_erlpack-1.zip: 34%
2024-07-31T16:15:15.190Z [Modules] Streaming discord_erlpack@1 to /home/carne/.config/discord/0.0.62/modules/pending/discord_erlpack-1.zip: 37%
2024-07-31T16:15:15.191Z [Modules] Streaming discord_erlpack@1 to /home/carne/.config/discord/0.0.62/modules/pending/discord_erlpack-1.zip: 39%
2024-07-31T16:15:15.193Z [Modules] Streaming discord_erlpack@1 to /home/carne/.config/discord/0.0.62/modules/pending/discord_erlpack-1.zip: 46%
2024-07-31T16:15:15.194Z [Modules] Streaming discord_erlpack@1 to /home/carne/.config/discord/0.0.62/modules/pending/discord_erlpack-1.zip: 49%
2024-07-31T16:15:15.197Z [Modules] Streaming discord_erlpack@1 to /home/carne/.config/discord/0.0.62/modules/pending/discord_erlpack-1.zip: 52%
2024-07-31T16:15:15.198Z [Modules] Streaming discord_erlpack@1 to /home/carne/.config/discord/0.0.62/modules/pending/discord_erlpack-1.zip: 55%
2024-07-31T16:15:15.199Z [Modules] Streaming discord_erlpack@1 to /home/carne/.config/discord/0.0.62/modules/pending/discord_erlpack-1.zip: 58%
2024-07-31T16:15:15.200Z [Modules] Streaming discord_erlpack@1 to /home/carne/.config/discord/0.0.62/modules/pending/discord_erlpack-1.zip: 61%
2024-07-31T16:15:15.200Z [Modules] Streaming discord_erlpack@1 to /home/carne/.config/discord/0.0.62/modules/pending/discord_erlpack-1.zip: 64%
2024-07-31T16:15:15.201Z [Modules] Streaming discord_erlpack@1 to /home/carne/.config/discord/0.0.62/modules/pending/discord_erlpack-1.zip: 67%
2024-07-31T16:15:15.202Z [Modules] Streaming discord_erlpack@1 to /home/carne/.config/discord/0.0.62/modules/pending/discord_erlpack-1.zip: 70%
2024-07-31T16:15:15.203Z [Modules] Streaming discord_erlpack@1 to /home/carne/.config/discord/0.0.62/modules/pending/discord_erlpack-1.zip: 73%
2024-07-31T16:15:15.204Z [Modules] Streaming discord_erlpack@1 to /home/carne/.config/discord/0.0.62/modules/pending/discord_erlpack-1.zip: 76%
2024-07-31T16:15:15.205Z [Modules] Streaming discord_erlpack@1 to /home/carne/.config/discord/0.0.62/modules/pending/discord_erlpack-1.zip: 79%
2024-07-31T16:15:15.206Z [Modules] Streaming discord_erlpack@1 to /home/carne/.config/discord/0.0.62/modules/pending/discord_erlpack-1.zip: 82%
2024-07-31T16:15:15.206Z [Modules] Streaming discord_erlpack@1 to /home/carne/.config/discord/0.0.62/modules/pending/discord_erlpack-1.zip: 85%
2024-07-31T16:15:15.207Z [Modules] Streaming discord_erlpack@1 to /home/carne/.config/discord/0.0.62/modules/pending/discord_erlpack-1.zip: 88%
2024-07-31T16:15:15.210Z [Modules] Streaming discord_erlpack@1 to /home/carne/.config/discord/0.0.62/modules/pending/discord_erlpack-1.zip: 91%
2024-07-31T16:15:15.210Z [Modules] Streaming discord_erlpack@1 to /home/carne/.config/discord/0.0.62/modules/pending/discord_erlpack-1.zip: 94%
2024-07-31T16:15:15.211Z [Modules] Streaming discord_erlpack@1 to /home/carne/.config/discord/0.0.62/modules/pending/discord_erlpack-1.zip: 97%
2024-07-31T16:15:15.212Z [Modules] Streaming discord_erlpack@1 to /home/carne/.config/discord/0.0.62/modules/pending/discord_erlpack-1.zip: 100%
2024-07-31T16:15:15.213Z [Modules] Fetching discord_spellcheck@1 from https://discord.com/api/modules/stable/discord_spellcheck/1
2024-07-31T16:15:15.213Z [Modules] Streaming discord_spellcheck@1 to /home/carne/.config/discord/0.0.62/modules/pending/discord_spellcheck-1.zip
2024-07-31T16:15:15.443Z [Modules] Streaming discord_spellcheck@1 to /home/carne/.config/discord/0.0.62/modules/pending/discord_spellcheck-1.zip: 1%
2024-07-31T16:15:15.444Z [Modules] Streaming discord_spellcheck@1 to /home/carne/.config/discord/0.0.62/modules/pending/discord_spellcheck-1.zip: 2%
2024-07-31T16:15:15.445Z [Modules] Streaming discord_spellcheck@1 to /home/carne/.config/discord/0.0.62/modules/pending/discord_spellcheck-1.zip: 3%
2024-07-31T16:15:15.446Z [Modules] Streaming discord_spellcheck@1 to /home/carne/.config/discord/0.0.62/modules/pending/discord_spellcheck-1.zip: 4%
2024-07-31T16:15:15.456Z [Modules] Streaming discord_spellcheck@1 to /home/carne/.config/discord/0.0.62/modules/pending/discord_spellcheck-1.zip: 5%
2024-07-31T16:15:15.458Z [Modules] Streaming discord_spellcheck@1 to /home/carne/.config/discord/0.0.62/modules/pending/discord_spellcheck-1.zip: 6%
2024-07-31T16:15:15.459Z [Modules] Streaming discord_spellcheck@1 to /home/carne/.config/discord/0.0.62/modules/pending/discord_spellcheck-1.zip: 7%
2024-07-31T16:15:15.464Z [Modules] Streaming discord_spellcheck@1 to /home/carne/.config/discord/0.0.62/modules/pending/discord_spellcheck-1.zip: 8%
2024-07-31T16:15:15.465Z [Modules] Streaming discord_spellcheck@1 to /home/carne/.config/discord/0.0.62/modules/pending/discord_spellcheck-1.zip: 9%
2024-07-31T16:15:15.466Z [Modules] Streaming discord_spellcheck@1 to /home/carne/.config/discord/0.0.62/modules/pending/discord_spellcheck-1.zip: 10%
2024-07-31T16:15:15.468Z [Modules] Streaming discord_spellcheck@1 to /home/carne/.config/discord/0.0.62/modules/pending/discord_spellcheck-1.zip: 11%
2024-07-31T16:15:15.469Z [Modules] Streaming discord_spellcheck@1 to /home/carne/.config/discord/0.0.62/modules/pending/discord_spellcheck-1.zip: 12%
2024-07-31T16:15:15.471Z [Modules] Streaming discord_spellcheck@1 to /home/carne/.config/discord/0.0.62/modules/pending/discord_spellcheck-1.zip: 13%
2024-07-31T16:15:15.474Z [Modules] Streaming discord_spellcheck@1 to /home/carne/.config/discord/0.0.62/modules/pending/discord_spellcheck-1.zip: 14%
2024-07-31T16:15:15.476Z [Modules] Streaming discord_spellcheck@1 to /home/carne/.config/discord/0.0.62/modules/pending/discord_spellcheck-1.zip: 15%
2024-07-31T16:15:15.476Z [Modules] Streaming discord_spellcheck@1 to /home/carne/.config/discord/0.0.62/modules/pending/discord_spellcheck-1.zip: 16%
2024-07-31T16:15:15.479Z [Modules] Streaming discord_spellcheck@1 to /home/carne/.config/discord/0.0.62/modules/pending/discord_spellcheck-1.zip: 17%
2024-07-31T16:15:15.480Z [Modules] Streaming discord_spellcheck@1 to /home/carne/.config/discord/0.0.62/modules/pending/discord_spellcheck-1.zip: 18%
2024-07-31T16:15:15.483Z [Modules] Streaming discord_spellcheck@1 to /home/carne/.config/discord/0.0.62/modules/pending/discord_spellcheck-1.zip: 19%
2024-07-31T16:15:15.484Z [Modules] Streaming discord_spellcheck@1 to /home/carne/.config/discord/0.0.62/modules/pending/discord_spellcheck-1.zip: 20%
2024-07-31T16:15:15.485Z [Modules] Streaming discord_spellcheck@1 to /home/carne/.config/discord/0.0.62/modules/pending/discord_spellcheck-1.zip: 21%
2024-07-31T16:15:15.487Z [Modules] Streaming discord_spellcheck@1 to /home/carne/.config/discord/0.0.62/modules/pending/discord_spellcheck-1.zip: 22%
2024-07-31T16:15:15.490Z [Modules] Streaming discord_spellcheck@1 to /home/carne/.config/discord/0.0.62/modules/pending/discord_spellcheck-1.zip: 23%
2024-07-31T16:15:15.491Z [Modules] Streaming discord_spellcheck@1 to /home/carne/.config/discord/0.0.62/modules/pending/discord_spellcheck-1.zip: 24%
2024-07-31T16:15:15.492Z [Modules] Streaming discord_spellcheck@1 to /home/carne/.config/discord/0.0.62/modules/pending/discord_spellcheck-1.zip: 25%
2024-07-31T16:15:15.493Z [Modules] Streaming discord_spellcheck@1 to /home/carne/.config/discord/0.0.62/modules/pending/discord_spellcheck-1.zip: 26%
2024-07-31T16:15:15.495Z [Modules] Streaming discord_spellcheck@1 to /home/carne/.config/discord/0.0.62/modules/pending/discord_spellcheck-1.zip: 27%
2024-07-31T16:15:15.496Z [Modules] Streaming discord_spellcheck@1 to /home/carne/.config/discord/0.0.62/modules/pending/discord_spellcheck-1.zip: 28%
2024-07-31T16:15:15.498Z [Modules] Streaming discord_spellcheck@1 to /home/carne/.config/discord/0.0.62/modules/pending/discord_spellcheck-1.zip: 29%
2024-07-31T16:15:15.499Z [Modules] Streaming discord_spellcheck@1 to /home/carne/.config/discord/0.0.62/modules/pending/discord_spellcheck-1.zip: 30%
2024-07-31T16:15:15.500Z [Modules] Streaming discord_spellcheck@1 to /home/carne/.config/discord/0.0.62/modules/pending/discord_spellcheck-1.zip: 31%
2024-07-31T16:15:15.506Z [Modules] Streaming discord_spellcheck@1 to /home/carne/.config/discord/0.0.62/modules/pending/discord_spellcheck-1.zip: 32%
2024-07-31T16:15:15.507Z [Modules] Streaming discord_spellcheck@1 to /home/carne/.config/discord/0.0.62/modules/pending/discord_spellcheck-1.zip: 33%
2024-07-31T16:15:15.507Z [Modules] Streaming discord_spellcheck@1 to /home/carne/.config/discord/0.0.62/modules/pending/discord_spellcheck-1.zip: 34%
2024-07-31T16:15:15.509Z [Modules] Streaming discord_spellcheck@1 to /home/carne/.config/discord/0.0.62/modules/pending/discord_spellcheck-1.zip: 35%
2024-07-31T16:15:15.509Z [Modules] Streaming discord_spellcheck@1 to /home/carne/.config/discord/0.0.62/modules/pending/discord_spellcheck-1.zip: 36%
2024-07-31T16:15:15.513Z [Modules] Streaming discord_spellcheck@1 to /home/carne/.config/discord/0.0.62/modules/pending/discord_spellcheck-1.zip: 37%
2024-07-31T16:15:15.513Z [Modules] Streaming discord_spellcheck@1 to /home/carne/.config/discord/0.0.62/modules/pending/discord_spellcheck-1.zip: 38%
2024-07-31T16:15:15.514Z [Modules] Streaming discord_spellcheck@1 to /home/carne/.config/discord/0.0.62/modules/pending/discord_spellcheck-1.zip: 39%
2024-07-31T16:15:15.514Z [Modules] Streaming discord_spellcheck@1 to /home/carne/.config/discord/0.0.62/modules/pending/discord_spellcheck-1.zip: 40%
2024-07-31T16:15:15.516Z [Modules] Streaming discord_spellcheck@1 to /home/carne/.config/discord/0.0.62/modules/pending/discord_spellcheck-1.zip: 41%
2024-07-31T16:15:15.517Z [Modules] Streaming discord_spellcheck@1 to /home/carne/.config/discord/0.0.62/modules/pending/discord_spellcheck-1.zip: 42%
2024-07-31T16:15:15.517Z [Modules] Streaming discord_spellcheck@1 to /home/carne/.config/discord/0.0.62/modules/pending/discord_spellcheck-1.zip: 43%
2024-07-31T16:15:15.521Z [Modules] Streaming discord_spellcheck@1 to /home/carne/.config/discord/0.0.62/modules/pending/discord_spellcheck-1.zip: 44%
2024-07-31T16:15:15.521Z [Modules] Streaming discord_spellcheck@1 to /home/carne/.config/discord/0.0.62/modules/pending/discord_spellcheck-1.zip: 45%
2024-07-31T16:15:15.523Z [Modules] Streaming discord_spellcheck@1 to /home/carne/.config/discord/0.0.62/modules/pending/discord_spellcheck-1.zip: 46%
2024-07-31T16:15:15.526Z [Modules] Streaming discord_spellcheck@1 to /home/carne/.config/discord/0.0.62/modules/pending/discord_spellcheck-1.zip: 47%
2024-07-31T16:15:15.528Z [Modules] Streaming discord_spellcheck@1 to /home/carne/.config/discord/0.0.62/modules/pending/discord_spellcheck-1.zip: 48%
2024-07-31T16:15:15.529Z [Modules] Streaming discord_spellcheck@1 to /home/carne/.config/discord/0.0.62/modules/pending/discord_spellcheck-1.zip: 49%
2024-07-31T16:15:15.530Z [Modules] Streaming discord_spellcheck@1 to /home/carne/.config/discord/0.0.62/modules/pending/discord_spellcheck-1.zip: 50%
2024-07-31T16:15:15.531Z [Modules] Streaming discord_spellcheck@1 to /home/carne/.config/discord/0.0.62/modules/pending/discord_spellcheck-1.zip: 51%
2024-07-31T16:15:15.532Z [Modules] Streaming discord_spellcheck@1 to /home/carne/.config/discord/0.0.62/modules/pending/discord_spellcheck-1.zip: 52%
2024-07-31T16:15:15.535Z [Modules] Streaming discord_spellcheck@1 to /home/carne/.config/discord/0.0.62/modules/pending/discord_spellcheck-1.zip: 53%
2024-07-31T16:15:15.536Z [Modules] Streaming discord_spellcheck@1 to /home/carne/.config/discord/0.0.62/modules/pending/discord_spellcheck-1.zip: 54%
2024-07-31T16:15:15.538Z [Modules] Streaming discord_spellcheck@1 to /home/carne/.config/discord/0.0.62/modules/pending/discord_spellcheck-1.zip: 55%
2024-07-31T16:15:15.548Z [Modules] Streaming discord_spellcheck@1 to /home/carne/.config/discord/0.0.62/modules/pending/discord_spellcheck-1.zip: 56%
2024-07-31T16:15:15.548Z [Modules] Streaming discord_spellcheck@1 to /home/carne/.config/discord/0.0.62/modules/pending/discord_spellcheck-1.zip: 57%
2024-07-31T16:15:15.554Z [Modules] Streaming discord_spellcheck@1 to /home/carne/.config/discord/0.0.62/modules/pending/discord_spellcheck-1.zip: 58%
2024-07-31T16:15:15.555Z [Modules] Streaming discord_spellcheck@1 to /home/carne/.config/discord/0.0.62/modules/pending/discord_spellcheck-1.zip: 59%
2024-07-31T16:15:15.556Z [Modules] Streaming discord_spellcheck@1 to /home/carne/.config/discord/0.0.62/modules/pending/discord_spellcheck-1.zip: 60%
2024-07-31T16:15:15.557Z [Modules] Streaming discord_spellcheck@1 to /home/carne/.config/discord/0.0.62/modules/pending/discord_spellcheck-1.zip: 61%
2024-07-31T16:15:15.558Z [Modules] Streaming discord_spellcheck@1 to /home/carne/.config/discord/0.0.62/modules/pending/discord_spellcheck-1.zip: 62%
2024-07-31T16:15:15.575Z [Modules] Streaming discord_spellcheck@1 to /home/carne/.config/discord/0.0.62/modules/pending/discord_spellcheck-1.zip: 63%
2024-07-31T16:15:15.577Z [Modules] Streaming discord_spellcheck@1 to /home/carne/.config/discord/0.0.62/modules/pending/discord_spellcheck-1.zip: 64%
2024-07-31T16:15:15.578Z [Modules] Streaming discord_spellcheck@1 to /home/carne/.config/discord/0.0.62/modules/pending/discord_spellcheck-1.zip: 65%
2024-07-31T16:15:15.582Z [Modules] Streaming discord_spellcheck@1 to /home/carne/.config/discord/0.0.62/modules/pending/discord_spellcheck-1.zip: 66%
2024-07-31T16:15:15.584Z [Modules] Streaming discord_spellcheck@1 to /home/carne/.config/discord/0.0.62/modules/pending/discord_spellcheck-1.zip: 67%
2024-07-31T16:15:15.587Z [Modules] Streaming discord_spellcheck@1 to /home/carne/.config/discord/0.0.62/modules/pending/discord_spellcheck-1.zip: 68%
2024-07-31T16:15:15.588Z [Modules] Streaming discord_spellcheck@1 to /home/carne/.config/discord/0.0.62/modules/pending/discord_spellcheck-1.zip: 69%
2024-07-31T16:15:15.589Z [Modules] Streaming discord_spellcheck@1 to /home/carne/.config/discord/0.0.62/modules/pending/discord_spellcheck-1.zip: 70%
2024-07-31T16:15:15.591Z [Modules] Streaming discord_spellcheck@1 to /home/carne/.config/discord/0.0.62/modules/pending/discord_spellcheck-1.zip: 71%
2024-07-31T16:15:15.592Z [Modules] Streaming discord_spellcheck@1 to /home/carne/.config/discord/0.0.62/modules/pending/discord_spellcheck-1.zip: 72%
2024-07-31T16:15:15.598Z [Modules] Streaming discord_spellcheck@1 to /home/carne/.config/discord/0.0.62/modules/pending/discord_spellcheck-1.zip: 73%
2024-07-31T16:15:15.599Z [Modules] Streaming discord_spellcheck@1 to /home/carne/.config/discord/0.0.62/modules/pending/discord_spellcheck-1.zip: 74%
2024-07-31T16:15:15.607Z [Modules] Streaming discord_spellcheck@1 to /home/carne/.config/discord/0.0.62/modules/pending/discord_spellcheck-1.zip: 75%
2024-07-31T16:15:15.608Z [Modules] Streaming discord_spellcheck@1 to /home/carne/.config/discord/0.0.62/modules/pending/discord_spellcheck-1.zip: 76%
2024-07-31T16:15:15.609Z [Modules] Streaming discord_spellcheck@1 to /home/carne/.config/discord/0.0.62/modules/pending/discord_spellcheck-1.zip: 77%
2024-07-31T16:15:15.612Z [Modules] Streaming discord_spellcheck@1 to /home/carne/.config/discord/0.0.62/modules/pending/discord_spellcheck-1.zip: 78%
2024-07-31T16:15:15.613Z [Modules] Streaming discord_spellcheck@1 to /home/carne/.config/discord/0.0.62/modules/pending/discord_spellcheck-1.zip: 79%
2024-07-31T16:15:15.616Z [Modules] Streaming discord_spellcheck@1 to /home/carne/.config/discord/0.0.62/modules/pending/discord_spellcheck-1.zip: 80%
2024-07-31T16:15:15.617Z [Modules] Streaming discord_spellcheck@1 to /home/carne/.config/discord/0.0.62/modules/pending/discord_spellcheck-1.zip: 81%
2024-07-31T16:15:15.619Z [Modules] Streaming discord_spellcheck@1 to /home/carne/.config/discord/0.0.62/modules/pending/discord_spellcheck-1.zip: 82%
2024-07-31T16:15:15.620Z [Modules] Streaming discord_spellcheck@1 to /home/carne/.config/discord/0.0.62/modules/pending/discord_spellcheck-1.zip: 83%
2024-07-31T16:15:15.622Z [Modules] Streaming discord_spellcheck@1 to /home/carne/.config/discord/0.0.62/modules/pending/discord_spellcheck-1.zip: 84%
2024-07-31T16:15:15.624Z [Modules] Streaming discord_spellcheck@1 to /home/carne/.config/discord/0.0.62/modules/pending/discord_spellcheck-1.zip: 85%
2024-07-31T16:15:15.625Z [Modules] Streaming discord_spellcheck@1 to /home/carne/.config/discord/0.0.62/modules/pending/discord_spellcheck-1.zip: 86%
2024-07-31T16:15:15.633Z [Modules] Streaming discord_spellcheck@1 to /home/carne/.config/discord/0.0.62/modules/pending/discord_spellcheck-1.zip: 87%
2024-07-31T16:15:15.634Z [Modules] Streaming discord_spellcheck@1 to /home/carne/.config/discord/0.0.62/modules/pending/discord_spellcheck-1.zip: 88%
2024-07-31T16:15:15.636Z [Modules] Streaming discord_spellcheck@1 to /home/carne/.config/discord/0.0.62/modules/pending/discord_spellcheck-1.zip: 89%
2024-07-31T16:15:15.638Z [Modules] Streaming discord_spellcheck@1 to /home/carne/.config/discord/0.0.62/modules/pending/discord_spellcheck-1.zip: 90%
2024-07-31T16:15:15.640Z [Modules] Streaming discord_spellcheck@1 to /home/carne/.config/discord/0.0.62/modules/pending/discord_spellcheck-1.zip: 91%
2024-07-31T16:15:15.641Z [Modules] Streaming discord_spellcheck@1 to /home/carne/.config/discord/0.0.62/modules/pending/discord_spellcheck-1.zip: 92%
2024-07-31T16:15:15.642Z [Modules] Streaming discord_spellcheck@1 to /home/carne/.config/discord/0.0.62/modules/pending/discord_spellcheck-1.zip: 93%
2024-07-31T16:15:15.647Z [Modules] Streaming discord_spellcheck@1 to /home/carne/.config/discord/0.0.62/modules/pending/discord_spellcheck-1.zip: 94%
2024-07-31T16:15:15.648Z [Modules] Streaming discord_spellcheck@1 to /home/carne/.config/discord/0.0.62/modules/pending/discord_spellcheck-1.zip: 95%
2024-07-31T16:15:15.653Z [Modules] Streaming discord_spellcheck@1 to /home/carne/.config/discord/0.0.62/modules/pending/discord_spellcheck-1.zip: 96%
2024-07-31T16:15:15.654Z [Modules] Streaming discord_spellcheck@1 to /home/carne/.config/discord/0.0.62/modules/pending/discord_spellcheck-1.zip: 97%
2024-07-31T16:15:15.655Z [Modules] Streaming discord_spellcheck@1 to /home/carne/.config/discord/0.0.62/modules/pending/discord_spellcheck-1.zip: 98%
2024-07-31T16:15:15.656Z [Modules] Streaming discord_spellcheck@1 to /home/carne/.config/discord/0.0.62/modules/pending/discord_spellcheck-1.zip: 99%
2024-07-31T16:15:15.658Z [Modules] Streaming discord_spellcheck@1 to /home/carne/.config/discord/0.0.62/modules/pending/discord_spellcheck-1.zip: 100%
2024-07-31T16:15:15.659Z [Modules] Fetching discord_utils@1 from https://discord.com/api/modules/stable/discord_utils/1
2024-07-31T16:15:15.659Z [Modules] Streaming discord_utils@1 to /home/carne/.config/discord/0.0.62/modules/pending/discord_utils-1.zip
2024-07-31T16:15:15.890Z [Modules] Streaming discord_utils@1 to /home/carne/.config/discord/0.0.62/modules/pending/discord_utils-1.zip: 1%
2024-07-31T16:15:15.892Z [Modules] Streaming discord_utils@1 to /home/carne/.config/discord/0.0.62/modules/pending/discord_utils-1.zip: 2%
2024-07-31T16:15:15.893Z [Modules] Streaming discord_utils@1 to /home/carne/.config/discord/0.0.62/modules/pending/discord_utils-1.zip: 4%
2024-07-31T16:15:15.894Z [Modules] Streaming discord_utils@1 to /home/carne/.config/discord/0.0.62/modules/pending/discord_utils-1.zip: 9%
2024-07-31T16:15:15.895Z [Modules] Streaming discord_utils@1 to /home/carne/.config/discord/0.0.62/modules/pending/discord_utils-1.zip: 15%
2024-07-31T16:15:15.896Z [Modules] Streaming discord_utils@1 to /home/carne/.config/discord/0.0.62/modules/pending/discord_utils-1.zip: 19%
2024-07-31T16:15:15.897Z [Modules] Streaming discord_utils@1 to /home/carne/.config/discord/0.0.62/modules/pending/discord_utils-1.zip: 22%
2024-07-31T16:15:15.898Z [Modules] Streaming discord_utils@1 to /home/carne/.config/discord/0.0.62/modules/pending/discord_utils-1.zip: 26%
2024-07-31T16:15:15.899Z [Modules] Streaming discord_utils@1 to /home/carne/.config/discord/0.0.62/modules/pending/discord_utils-1.zip: 28%
2024-07-31T16:15:15.899Z [Modules] Streaming discord_utils@1 to /home/carne/.config/discord/0.0.62/modules/pending/discord_utils-1.zip: 30%
2024-07-31T16:15:15.900Z [Modules] Streaming discord_utils@1 to /home/carne/.config/discord/0.0.62/modules/pending/discord_utils-1.zip: 32%
2024-07-31T16:15:15.901Z [Modules] Streaming discord_utils@1 to /home/carne/.config/discord/0.0.62/modules/pending/discord_utils-1.zip: 33%
2024-07-31T16:15:15.902Z [Modules] Streaming discord_utils@1 to /home/carne/.config/discord/0.0.62/modules/pending/discord_utils-1.zip: 35%
2024-07-31T16:15:15.903Z [Modules] Streaming discord_utils@1 to /home/carne/.config/discord/0.0.62/modules/pending/discord_utils-1.zip: 37%
2024-07-31T16:15:15.904Z [Modules] Streaming discord_utils@1 to /home/carne/.config/discord/0.0.62/modules/pending/discord_utils-1.zip: 39%
2024-07-31T16:15:15.904Z [Modules] Streaming discord_utils@1 to /home/carne/.config/discord/0.0.62/modules/pending/discord_utils-1.zip: 41%
2024-07-31T16:15:15.905Z [Modules] Streaming discord_utils@1 to /home/carne/.config/discord/0.0.62/modules/pending/discord_utils-1.zip: 43%
2024-07-31T16:15:15.906Z [Modules] Streaming discord_utils@1 to /home/carne/.config/discord/0.0.62/modules/pending/discord_utils-1.zip: 45%
2024-07-31T16:15:15.907Z [Modules] Streaming discord_utils@1 to /home/carne/.config/discord/0.0.62/modules/pending/discord_utils-1.zip: 49%
2024-07-31T16:15:15.908Z [Modules] Streaming discord_utils@1 to /home/carne/.config/discord/0.0.62/modules/pending/discord_utils-1.zip: 51%
2024-07-31T16:15:15.909Z [Modules] Streaming discord_utils@1 to /home/carne/.config/discord/0.0.62/modules/pending/discord_utils-1.zip: 53%
2024-07-31T16:15:15.910Z [Modules] Streaming discord_utils@1 to /home/carne/.config/discord/0.0.62/modules/pending/discord_utils-1.zip: 55%
2024-07-31T16:15:15.911Z [Modules] Streaming discord_utils@1 to /home/carne/.config/discord/0.0.62/modules/pending/discord_utils-1.zip: 57%
2024-07-31T16:15:15.911Z [Modules] Streaming discord_utils@1 to /home/carne/.config/discord/0.0.62/modules/pending/discord_utils-1.zip: 59%
2024-07-31T16:15:15.912Z [Modules] Streaming discord_utils@1 to /home/carne/.config/discord/0.0.62/modules/pending/discord_utils-1.zip: 61%
2024-07-31T16:15:15.913Z [Modules] Streaming discord_utils@1 to /home/carne/.config/discord/0.0.62/modules/pending/discord_utils-1.zip: 62%
2024-07-31T16:15:15.914Z [Modules] Streaming discord_utils@1 to /home/carne/.config/discord/0.0.62/modules/pending/discord_utils-1.zip: 63%
2024-07-31T16:15:15.915Z [Modules] Streaming discord_utils@1 to /home/carne/.config/discord/0.0.62/modules/pending/discord_utils-1.zip: 64%
2024-07-31T16:15:15.918Z [Modules] Streaming discord_utils@1 to /home/carne/.config/discord/0.0.62/modules/pending/discord_utils-1.zip: 66%
2024-07-31T16:15:15.919Z [Modules] Streaming discord_utils@1 to /home/carne/.config/discord/0.0.62/modules/pending/discord_utils-1.zip: 68%
2024-07-31T16:15:15.919Z [Modules] Streaming discord_utils@1 to /home/carne/.config/discord/0.0.62/modules/pending/discord_utils-1.zip: 70%
2024-07-31T16:15:15.920Z [Modules] Streaming discord_utils@1 to /home/carne/.config/discord/0.0.62/modules/pending/discord_utils-1.zip: 72%
2024-07-31T16:15:15.921Z [Modules] Streaming discord_utils@1 to /home/carne/.config/discord/0.0.62/modules/pending/discord_utils-1.zip: 74%
2024-07-31T16:15:15.922Z [Modules] Streaming discord_utils@1 to /home/carne/.config/discord/0.0.62/modules/pending/discord_utils-1.zip: 76%
2024-07-31T16:15:15.923Z [Modules] Streaming discord_utils@1 to /home/carne/.config/discord/0.0.62/modules/pending/discord_utils-1.zip: 78%
2024-07-31T16:15:15.924Z [Modules] Streaming discord_utils@1 to /home/carne/.config/discord/0.0.62/modules/pending/discord_utils-1.zip: 80%
2024-07-31T16:15:15.925Z [Modules] Streaming discord_utils@1 to /home/carne/.config/discord/0.0.62/modules/pending/discord_utils-1.zip: 83%
2024-07-31T16:15:15.925Z [Modules] Streaming discord_utils@1 to /home/carne/.config/discord/0.0.62/modules/pending/discord_utils-1.zip: 85%
2024-07-31T16:15:15.926Z [Modules] Streaming discord_utils@1 to /home/carne/.config/discord/0.0.62/modules/pending/discord_utils-1.zip: 87%
2024-07-31T16:15:15.927Z [Modules] Streaming discord_utils@1 to /home/carne/.config/discord/0.0.62/modules/pending/discord_utils-1.zip: 91%
2024-07-31T16:15:15.928Z [Modules] Streaming discord_utils@1 to /home/carne/.config/discord/0.0.62/modules/pending/discord_utils-1.zip: 93%
2024-07-31T16:15:15.929Z [Modules] Streaming discord_utils@1 to /home/carne/.config/discord/0.0.62/modules/pending/discord_utils-1.zip: 95%
2024-07-31T16:15:15.930Z [Modules] Streaming discord_utils@1 to /home/carne/.config/discord/0.0.62/modules/pending/discord_utils-1.zip: 97%
2024-07-31T16:15:15.931Z [Modules] Streaming discord_utils@1 to /home/carne/.config/discord/0.0.62/modules/pending/discord_utils-1.zip: 100%
2024-07-31T16:15:15.933Z [Modules] Fetching discord_voice@1 from https://discord.com/api/modules/stable/discord_voice/1
2024-07-31T16:15:15.933Z [Modules] Streaming discord_voice@1 to /home/carne/.config/discord/0.0.62/modules/pending/discord_voice-1.zip
2024-07-31T16:15:16.138Z [Modules] Streaming discord_voice@1 to /home/carne/.config/discord/0.0.62/modules/pending/discord_voice-1.zip: 1%
2024-07-31T16:15:16.140Z [Modules] Streaming discord_voice@1 to /home/carne/.config/discord/0.0.62/modules/pending/discord_voice-1.zip: 2%
2024-07-31T16:15:16.143Z [Modules] Streaming discord_voice@1 to /home/carne/.config/discord/0.0.62/modules/pending/discord_voice-1.zip: 3%
2024-07-31T16:15:16.145Z [Modules] Streaming discord_voice@1 to /home/carne/.config/discord/0.0.62/modules/pending/discord_voice-1.zip: 4%
2024-07-31T16:15:16.147Z [Modules] Streaming discord_voice@1 to /home/carne/.config/discord/0.0.62/modules/pending/discord_voice-1.zip: 5%
2024-07-31T16:15:16.151Z [Modules] Streaming discord_voice@1 to /home/carne/.config/discord/0.0.62/modules/pending/discord_voice-1.zip: 6%
2024-07-31T16:15:16.153Z [Modules] Streaming discord_voice@1 to /home/carne/.config/discord/0.0.62/modules/pending/discord_voice-1.zip: 7%
2024-07-31T16:15:16.161Z [Modules] Streaming discord_voice@1 to /home/carne/.config/discord/0.0.62/modules/pending/discord_voice-1.zip: 8%
2024-07-31T16:15:16.171Z [Modules] Streaming discord_voice@1 to /home/carne/.config/discord/0.0.62/modules/pending/discord_voice-1.zip: 9%
2024-07-31T16:15:16.173Z [Modules] Streaming discord_voice@1 to /home/carne/.config/discord/0.0.62/modules/pending/discord_voice-1.zip: 10%
2024-07-31T16:15:16.176Z [Modules] Streaming discord_voice@1 to /home/carne/.config/discord/0.0.62/modules/pending/discord_voice-1.zip: 11%
2024-07-31T16:15:16.177Z [Modules] Streaming discord_voice@1 to /home/carne/.config/discord/0.0.62/modules/pending/discord_voice-1.zip: 12%
2024-07-31T16:15:16.180Z [Modules] Streaming discord_voice@1 to /home/carne/.config/discord/0.0.62/modules/pending/discord_voice-1.zip: 13%
2024-07-31T16:15:16.182Z [Modules] Streaming discord_voice@1 to /home/carne/.config/discord/0.0.62/modules/pending/discord_voice-1.zip: 14%
2024-07-31T16:15:16.188Z [Modules] Streaming discord_voice@1 to /home/carne/.config/discord/0.0.62/modules/pending/discord_voice-1.zip: 15%
2024-07-31T16:15:16.190Z [Modules] Streaming discord_voice@1 to /home/carne/.config/discord/0.0.62/modules/pending/discord_voice-1.zip: 16%
2024-07-31T16:15:16.193Z [Modules] Streaming discord_voice@1 to /home/carne/.config/discord/0.0.62/modules/pending/discord_voice-1.zip: 17%
2024-07-31T16:15:16.196Z [Modules] Streaming discord_voice@1 to /home/carne/.config/discord/0.0.62/modules/pending/discord_voice-1.zip: 18%
2024-07-31T16:15:16.198Z [Modules] Streaming discord_voice@1 to /home/carne/.config/discord/0.0.62/modules/pending/discord_voice-1.zip: 19%
2024-07-31T16:15:16.202Z [Modules] Streaming discord_voice@1 to /home/carne/.config/discord/0.0.62/modules/pending/discord_voice-1.zip: 20%
2024-07-31T16:15:16.206Z [Modules] Streaming discord_voice@1 to /home/carne/.config/discord/0.0.62/modules/pending/discord_voice-1.zip: 21%
2024-07-31T16:15:16.208Z [Modules] Streaming discord_voice@1 to /home/carne/.config/discord/0.0.62/modules/pending/discord_voice-1.zip: 22%
2024-07-31T16:15:16.226Z [Modules] Streaming discord_voice@1 to /home/carne/.config/discord/0.0.62/modules/pending/discord_voice-1.zip: 23%
2024-07-31T16:15:16.230Z [Modules] Streaming discord_voice@1 to /home/carne/.config/discord/0.0.62/modules/pending/discord_voice-1.zip: 24%
2024-07-31T16:15:16.235Z [Modules] Streaming discord_voice@1 to /home/carne/.config/discord/0.0.62/modules/pending/discord_voice-1.zip: 25%
2024-07-31T16:15:16.238Z [Modules] Streaming discord_voice@1 to /home/carne/.config/discord/0.0.62/modules/pending/discord_voice-1.zip: 26%
2024-07-31T16:15:16.241Z [Modules] Streaming discord_voice@1 to /home/carne/.config/discord/0.0.62/modules/pending/discord_voice-1.zip: 27%
2024-07-31T16:15:16.244Z [Modules] Streaming discord_voice@1 to /home/carne/.config/discord/0.0.62/modules/pending/discord_voice-1.zip: 28%
2024-07-31T16:15:16.247Z [Modules] Streaming discord_voice@1 to /home/carne/.config/discord/0.0.62/modules/pending/discord_voice-1.zip: 29%
2024-07-31T16:15:16.250Z [Modules] Streaming discord_voice@1 to /home/carne/.config/discord/0.0.62/modules/pending/discord_voice-1.zip: 30%
2024-07-31T16:15:16.253Z [Modules] Streaming discord_voice@1 to /home/carne/.config/discord/0.0.62/modules/pending/discord_voice-1.zip: 31%
2024-07-31T16:15:16.260Z [Modules] Streaming discord_voice@1 to /home/carne/.config/discord/0.0.62/modules/pending/discord_voice-1.zip: 32%
2024-07-31T16:15:16.269Z [Modules] Streaming discord_voice@1 to /home/carne/.config/discord/0.0.62/modules/pending/discord_voice-1.zip: 33%
2024-07-31T16:15:16.271Z [Modules] Streaming discord_voice@1 to /home/carne/.config/discord/0.0.62/modules/pending/discord_voice-1.zip: 34%
2024-07-31T16:15:16.276Z [Modules] Streaming discord_voice@1 to /home/carne/.config/discord/0.0.62/modules/pending/discord_voice-1.zip: 35%
2024-07-31T16:15:16.281Z [Modules] Streaming discord_voice@1 to /home/carne/.config/discord/0.0.62/modules/pending/discord_voice-1.zip: 36%
2024-07-31T16:15:16.288Z [Modules] Streaming discord_voice@1 to /home/carne/.config/discord/0.0.62/modules/pending/discord_voice-1.zip: 37%
2024-07-31T16:15:16.291Z [Modules] Streaming discord_voice@1 to /home/carne/.config/discord/0.0.62/modules/pending/discord_voice-1.zip: 38%
2024-07-31T16:15:16.296Z [Modules] Streaming discord_voice@1 to /home/carne/.config/discord/0.0.62/modules/pending/discord_voice-1.zip: 39%
2024-07-31T16:15:16.299Z [Modules] Streaming discord_voice@1 to /home/carne/.config/discord/0.0.62/modules/pending/discord_voice-1.zip: 40%
2024-07-31T16:15:16.302Z [Modules] Streaming discord_voice@1 to /home/carne/.config/discord/0.0.62/modules/pending/discord_voice-1.zip: 41%
2024-07-31T16:15:16.305Z [Modules] Streaming discord_voice@1 to /home/carne/.config/discord/0.0.62/modules/pending/discord_voice-1.zip: 42%
2024-07-31T16:15:16.309Z [Modules] Streaming discord_voice@1 to /home/carne/.config/discord/0.0.62/modules/pending/discord_voice-1.zip: 43%
2024-07-31T16:15:16.315Z [Modules] Streaming discord_voice@1 to /home/carne/.config/discord/0.0.62/modules/pending/discord_voice-1.zip: 44%
2024-07-31T16:15:16.321Z [Modules] Streaming discord_voice@1 to /home/carne/.config/discord/0.0.62/modules/pending/discord_voice-1.zip: 45%
2024-07-31T16:15:16.324Z [Modules] Streaming discord_voice@1 to /home/carne/.config/discord/0.0.62/modules/pending/discord_voice-1.zip: 46%
2024-07-31T16:15:16.326Z [Modules] Streaming discord_voice@1 to /home/carne/.config/discord/0.0.62/modules/pending/discord_voice-1.zip: 47%
2024-07-31T16:15:16.333Z [Modules] Streaming discord_voice@1 to /home/carne/.config/discord/0.0.62/modules/pending/discord_voice-1.zip: 48%
2024-07-31T16:15:16.337Z [Modules] Streaming discord_voice@1 to /home/carne/.config/discord/0.0.62/modules/pending/discord_voice-1.zip: 49%
2024-07-31T16:15:16.339Z [Modules] Streaming discord_voice@1 to /home/carne/.config/discord/0.0.62/modules/pending/discord_voice-1.zip: 50%
2024-07-31T16:15:16.342Z [Modules] Streaming discord_voice@1 to /home/carne/.config/discord/0.0.62/modules/pending/discord_voice-1.zip: 51%
2024-07-31T16:15:16.350Z [Modules] Streaming discord_voice@1 to /home/carne/.config/discord/0.0.62/modules/pending/discord_voice-1.zip: 52%
2024-07-31T16:15:16.351Z [Modules] Streaming discord_voice@1 to /home/carne/.config/discord/0.0.62/modules/pending/discord_voice-1.zip: 54%
2024-07-31T16:15:16.352Z [Modules] Streaming discord_voice@1 to /home/carne/.config/discord/0.0.62/modules/pending/discord_voice-1.zip: 55%
2024-07-31T16:15:16.355Z [Modules] Streaming discord_voice@1 to /home/carne/.config/discord/0.0.62/modules/pending/discord_voice-1.zip: 56%
2024-07-31T16:15:16.360Z [Modules] Streaming discord_voice@1 to /home/carne/.config/discord/0.0.62/modules/pending/discord_voice-1.zip: 57%
2024-07-31T16:15:16.366Z [Modules] Streaming discord_voice@1 to /home/carne/.config/discord/0.0.62/modules/pending/discord_voice-1.zip: 58%
2024-07-31T16:15:16.374Z [Modules] Streaming discord_voice@1 to /home/carne/.config/discord/0.0.62/modules/pending/discord_voice-1.zip: 59%
2024-07-31T16:15:16.377Z [Modules] Streaming discord_voice@1 to /home/carne/.config/discord/0.0.62/modules/pending/discord_voice-1.zip: 60%
2024-07-31T16:15:16.379Z [Modules] Streaming discord_voice@1 to /home/carne/.config/discord/0.0.62/modules/pending/discord_voice-1.zip: 61%
2024-07-31T16:15:16.382Z [Modules] Streaming discord_voice@1 to /home/carne/.config/discord/0.0.62/modules/pending/discord_voice-1.zip: 62%
2024-07-31T16:15:16.387Z [Modules] Streaming discord_voice@1 to /home/carne/.config/discord/0.0.62/modules/pending/discord_voice-1.zip: 63%
2024-07-31T16:15:16.391Z [Modules] Streaming discord_voice@1 to /home/carne/.config/discord/0.0.62/modules/pending/discord_voice-1.zip: 64%
2024-07-31T16:15:16.394Z [Modules] Streaming discord_voice@1 to /home/carne/.config/discord/0.0.62/modules/pending/discord_voice-1.zip: 65%
2024-07-31T16:15:16.397Z [Modules] Streaming discord_voice@1 to /home/carne/.config/discord/0.0.62/modules/pending/discord_voice-1.zip: 66%
2024-07-31T16:15:16.401Z [Modules] Streaming discord_voice@1 to /home/carne/.config/discord/0.0.62/modules/pending/discord_voice-1.zip: 67%
2024-07-31T16:15:16.404Z [Modules] Streaming discord_voice@1 to /home/carne/.config/discord/0.0.62/modules/pending/discord_voice-1.zip: 68%
2024-07-31T16:15:16.409Z [Modules] Streaming discord_voice@1 to /home/carne/.config/discord/0.0.62/modules/pending/discord_voice-1.zip: 69%
2024-07-31T16:15:16.414Z [Modules] Streaming discord_voice@1 to /home/carne/.config/discord/0.0.62/modules/pending/discord_voice-1.zip: 70%
2024-07-31T16:15:16.419Z [Modules] Streaming discord_voice@1 to /home/carne/.config/discord/0.0.62/modules/pending/discord_voice-1.zip: 71%
2024-07-31T16:15:16.424Z [Modules] Streaming discord_voice@1 to /home/carne/.config/discord/0.0.62/modules/pending/discord_voice-1.zip: 72%
2024-07-31T16:15:16.427Z [Modules] Streaming discord_voice@1 to /home/carne/.config/discord/0.0.62/modules/pending/discord_voice-1.zip: 73%
2024-07-31T16:15:16.434Z [Modules] Streaming discord_voice@1 to /home/carne/.config/discord/0.0.62/modules/pending/discord_voice-1.zip: 74%
2024-07-31T16:15:16.438Z [Modules] Streaming discord_voice@1 to /home/carne/.config/discord/0.0.62/modules/pending/discord_voice-1.zip: 75%
2024-07-31T16:15:16.441Z [Modules] Streaming discord_voice@1 to /home/carne/.config/discord/0.0.62/modules/pending/discord_voice-1.zip: 76%
2024-07-31T16:15:16.443Z [Modules] Streaming discord_voice@1 to /home/carne/.config/discord/0.0.62/modules/pending/discord_voice-1.zip: 77%
2024-07-31T16:15:16.451Z [Modules] Streaming discord_voice@1 to /home/carne/.config/discord/0.0.62/modules/pending/discord_voice-1.zip: 78%
2024-07-31T16:15:16.455Z [Modules] Streaming discord_voice@1 to /home/carne/.config/discord/0.0.62/modules/pending/discord_voice-1.zip: 79%
2024-07-31T16:15:16.457Z [Modules] Streaming discord_voice@1 to /home/carne/.config/discord/0.0.62/modules/pending/discord_voice-1.zip: 80%
2024-07-31T16:15:16.462Z [Modules] Streaming discord_voice@1 to /home/carne/.config/discord/0.0.62/modules/pending/discord_voice-1.zip: 81%
2024-07-31T16:15:16.467Z [Modules] Streaming discord_voice@1 to /home/carne/.config/discord/0.0.62/modules/pending/discord_voice-1.zip: 82%
2024-07-31T16:15:16.470Z [Modules] Streaming discord_voice@1 to /home/carne/.config/discord/0.0.62/modules/pending/discord_voice-1.zip: 83%
2024-07-31T16:15:16.474Z [Modules] Streaming discord_voice@1 to /home/carne/.config/discord/0.0.62/modules/pending/discord_voice-1.zip: 84%
2024-07-31T16:15:16.478Z [Modules] Streaming discord_voice@1 to /home/carne/.config/discord/0.0.62/modules/pending/discord_voice-1.zip: 85%
2024-07-31T16:15:16.480Z [Modules] Streaming discord_voice@1 to /home/carne/.config/discord/0.0.62/modules/pending/discord_voice-1.zip: 86%
2024-07-31T16:15:16.483Z [Modules] Streaming discord_voice@1 to /home/carne/.config/discord/0.0.62/modules/pending/discord_voice-1.zip: 87%
2024-07-31T16:15:16.486Z [Modules] Streaming discord_voice@1 to /home/carne/.config/discord/0.0.62/modules/pending/discord_voice-1.zip: 88%
2024-07-31T16:15:16.490Z [Modules] Streaming discord_voice@1 to /home/carne/.config/discord/0.0.62/modules/pending/discord_voice-1.zip: 89%
2024-07-31T16:15:16.492Z [Modules] Streaming discord_voice@1 to /home/carne/.config/discord/0.0.62/modules/pending/discord_voice-1.zip: 90%
2024-07-31T16:15:16.498Z [Modules] Streaming discord_voice@1 to /home/carne/.config/discord/0.0.62/modules/pending/discord_voice-1.zip: 91%
2024-07-31T16:15:16.503Z [Modules] Streaming discord_voice@1 to /home/carne/.config/discord/0.0.62/modules/pending/discord_voice-1.zip: 92%
2024-07-31T16:15:16.512Z [Modules] Streaming discord_voice@1 to /home/carne/.config/discord/0.0.62/modules/pending/discord_voice-1.zip: 93%
2024-07-31T16:15:16.516Z [Modules] Streaming discord_voice@1 to /home/carne/.config/discord/0.0.62/modules/pending/discord_voice-1.zip: 94%
2024-07-31T16:15:16.519Z [Modules] Streaming discord_voice@1 to /home/carne/.config/discord/0.0.62/modules/pending/discord_voice-1.zip: 95%
2024-07-31T16:15:16.522Z [Modules] Streaming discord_voice@1 to /home/carne/.config/discord/0.0.62/modules/pending/discord_voice-1.zip: 96%
2024-07-31T16:15:16.525Z [Modules] Streaming discord_voice@1 to /home/carne/.config/discord/0.0.62/modules/pending/discord_voice-1.zip: 97%
2024-07-31T16:15:16.527Z [Modules] Streaming discord_voice@1 to /home/carne/.config/discord/0.0.62/modules/pending/discord_voice-1.zip: 98%
2024-07-31T16:15:16.531Z [Modules] Streaming discord_voice@1 to /home/carne/.config/discord/0.0.62/modules/pending/discord_voice-1.zip: 99%
2024-07-31T16:15:16.533Z [Modules] Streaming discord_voice@1 to /home/carne/.config/discord/0.0.62/modules/pending/discord_voice-1.zip: 100%
2024-07-31T16:15:16.535Z [Modules] Fetching discord_zstd@1 from https://discord.com/api/modules/stable/discord_zstd/1
2024-07-31T16:15:16.535Z [Modules] Streaming discord_zstd@1 to /home/carne/.config/discord/0.0.62/modules/pending/discord_zstd-1.zip
2024-07-31T16:15:16.753Z [Modules] Streaming discord_zstd@1 to /home/carne/.config/discord/0.0.62/modules/pending/discord_zstd-1.zip: 16%
2024-07-31T16:15:16.755Z [Modules] Streaming discord_zstd@1 to /home/carne/.config/discord/0.0.62/modules/pending/discord_zstd-1.zip: 18%
2024-07-31T16:15:16.756Z [Modules] Streaming discord_zstd@1 to /home/carne/.config/discord/0.0.62/modules/pending/discord_zstd-1.zip: 50%
2024-07-31T16:15:16.757Z [Modules] Streaming discord_zstd@1 to /home/carne/.config/discord/0.0.62/modules/pending/discord_zstd-1.zip: 98%
2024-07-31T16:15:16.758Z [Modules] Streaming discord_zstd@1 to /home/carne/.config/discord/0.0.62/modules/pending/discord_zstd-1.zip: 100%
2024-07-31T16:15:16.759Z [Modules] Finished module downloads. [success: 6] [failure: 0]
2024-07-31T16:15:16.760Z [Modules] Installing updates...
2024-07-31T16:15:16.760Z [Modules] Installing discord_desktop_core@1 from /home/carne/.config/discord/0.0.62/modules/pending/discord_desktop_core-1.zip
2024-07-31T16:15:16.878Z [Modules] Installing discord_erlpack@1 from /home/carne/.config/discord/0.0.62/modules/pending/discord_erlpack-1.zip
2024-07-31T16:15:16.943Z [Modules] Installing discord_spellcheck@1 from /home/carne/.config/discord/0.0.62/modules/pending/discord_spellcheck-1.zip
2024-07-31T16:15:17.610Z [Modules] Installing discord_utils@1 from /home/carne/.config/discord/0.0.62/modules/pending/discord_utils-1.zip
2024-07-31T16:15:17.752Z [Modules] Installing discord_voice@1 from /home/carne/.config/discord/0.0.62/modules/pending/discord_voice-1.zip
2024-07-31T16:15:18.396Z [Modules] Installing discord_zstd@1 from /home/carne/.config/discord/0.0.62/modules/pending/discord_zstd-1.zip
2024-07-31T16:15:18.413Z [Modules] Finished module installations. [success: 6] [failure: 0]
2024-07-31T16:15:18.413Z [Modules] Checking for host updates.
2024-07-31T16:15:18.582Z [Modules] Host is up to date.
2024-07-31T16:15:18.582Z [Modules] Checking for module updates at https://discord.com/api/modules/stable/versions.json
2024-07-31T16:15:18.585Z [Modules] No module updates available.
2024-07-31T16:15:19.971Z [Modules] Starting to install discord_krisp...
2024-07-31T16:15:19.971Z [Modules] Fetching discord_krisp@1 from https://discord.com/api/modules/stable/discord_krisp/1
2024-07-31T16:15:19.971Z [Modules] Streaming discord_krisp@1 to /home/carne/.config/discord/0.0.62/modules/pending/discord_krisp-1.zip
2024-07-31T16:15:19.979Z [Modules] Starting to install discord_game_utils...
2024-07-31T16:15:20.212Z [Modules] Streaming discord_krisp@1 to /home/carne/.config/discord/0.0.62/modules/pending/discord_krisp-1.zip: 2%
2024-07-31T16:15:20.216Z [Modules] Streaming discord_krisp@1 to /home/carne/.config/discord/0.0.62/modules/pending/discord_krisp-1.zip: 3%
2024-07-31T16:15:20.218Z [Modules] Streaming discord_krisp@1 to /home/carne/.config/discord/0.0.62/modules/pending/discord_krisp-1.zip: 4%
2024-07-31T16:15:20.220Z [Modules] Streaming discord_krisp@1 to /home/carne/.config/discord/0.0.62/modules/pending/discord_krisp-1.zip: 5%
2024-07-31T16:15:20.223Z [Modules] Streaming discord_krisp@1 to /home/carne/.config/discord/0.0.62/modules/pending/discord_krisp-1.zip: 6%
2024-07-31T16:15:20.228Z [Modules] Streaming discord_krisp@1 to /home/carne/.config/discord/0.0.62/modules/pending/discord_krisp-1.zip: 7%
2024-07-31T16:15:20.232Z [Modules] Streaming discord_krisp@1 to /home/carne/.config/discord/0.0.62/modules/pending/discord_krisp-1.zip: 8%
2024-07-31T16:15:20.302Z [Modules] Streaming discord_krisp@1 to /home/carne/.config/discord/0.0.62/modules/pending/discord_krisp-1.zip: 17%
2024-07-31T16:15:21.346Z [Modules] Streaming discord_krisp@1 to /home/carne/.config/discord/0.0.62/modules/pending/discord_krisp-1.zip: 26%
2024-07-31T16:15:21.518Z [Modules] Streaming discord_krisp@1 to /home/carne/.config/discord/0.0.62/modules/pending/discord_krisp-1.zip: 27%
2024-07-31T16:15:21.532Z [Modules] Streaming discord_krisp@1 to /home/carne/.config/discord/0.0.62/modules/pending/discord_krisp-1.zip: 28%
2024-07-31T16:15:21.533Z [Modules] Streaming discord_krisp@1 to /home/carne/.config/discord/0.0.62/modules/pending/discord_krisp-1.zip: 29%
2024-07-31T16:15:21.534Z [Modules] Streaming discord_krisp@1 to /home/carne/.config/discord/0.0.62/modules/pending/discord_krisp-1.zip: 30%
2024-07-31T16:15:21.535Z [Modules] Streaming discord_krisp@1 to /home/carne/.config/discord/0.0.62/modules/pending/discord_krisp-1.zip: 31%
2024-07-31T16:15:21.536Z [Modules] Streaming discord_krisp@1 to /home/carne/.config/discord/0.0.62/modules/pending/discord_krisp-1.zip: 32%
2024-07-31T16:15:21.537Z [Modules] Streaming discord_krisp@1 to /home/carne/.config/discord/0.0.62/modules/pending/discord_krisp-1.zip: 33%
2024-07-31T16:15:21.538Z [Modules] Streaming discord_krisp@1 to /home/carne/.config/discord/0.0.62/modules/pending/discord_krisp-1.zip: 34%
2024-07-31T16:15:21.539Z [Modules] Streaming discord_krisp@1 to /home/carne/.config/discord/0.0.62/modules/pending/discord_krisp-1.zip: 35%
2024-07-31T16:15:21.540Z [Modules] Streaming discord_krisp@1 to /home/carne/.config/discord/0.0.62/modules/pending/discord_krisp-1.zip: 36%
2024-07-31T16:15:21.541Z [Modules] Streaming discord_krisp@1 to /home/carne/.config/discord/0.0.62/modules/pending/discord_krisp-1.zip: 37%
2024-07-31T16:15:21.542Z [Modules] Streaming discord_krisp@1 to /home/carne/.config/discord/0.0.62/modules/pending/discord_krisp-1.zip: 38%
2024-07-31T16:15:21.544Z [Modules] Streaming discord_krisp@1 to /home/carne/.config/discord/0.0.62/modules/pending/discord_krisp-1.zip: 39%
2024-07-31T16:15:21.545Z [Modules] Streaming discord_krisp@1 to /home/carne/.config/discord/0.0.62/modules/pending/discord_krisp-1.zip: 40%
2024-07-31T16:15:21.545Z [Modules] Streaming discord_krisp@1 to /home/carne/.config/discord/0.0.62/modules/pending/discord_krisp-1.zip: 41%
2024-07-31T16:15:21.546Z [Modules] Streaming discord_krisp@1 to /home/carne/.config/discord/0.0.62/modules/pending/discord_krisp-1.zip: 42%
2024-07-31T16:15:21.547Z [Modules] Streaming discord_krisp@1 to /home/carne/.config/discord/0.0.62/modules/pending/discord_krisp-1.zip: 43%
2024-07-31T16:15:21.548Z [Modules] Streaming discord_krisp@1 to /home/carne/.config/discord/0.0.62/modules/pending/discord_krisp-1.zip: 44%
2024-07-31T16:15:21.551Z [Modules] Streaming discord_krisp@1 to /home/carne/.config/discord/0.0.62/modules/pending/discord_krisp-1.zip: 45%
2024-07-31T16:15:21.552Z [Modules] Streaming discord_krisp@1 to /home/carne/.config/discord/0.0.62/modules/pending/discord_krisp-1.zip: 46%
2024-07-31T16:15:21.553Z [Modules] Streaming discord_krisp@1 to /home/carne/.config/discord/0.0.62/modules/pending/discord_krisp-1.zip: 47%
2024-07-31T16:15:21.559Z [Modules] Streaming discord_krisp@1 to /home/carne/.config/discord/0.0.62/modules/pending/discord_krisp-1.zip: 48%
2024-07-31T16:15:21.560Z [Modules] Streaming discord_krisp@1 to /home/carne/.config/discord/0.0.62/modules/pending/discord_krisp-1.zip: 49%
2024-07-31T16:15:21.561Z [Modules] Streaming discord_krisp@1 to /home/carne/.config/discord/0.0.62/modules/pending/discord_krisp-1.zip: 50%
2024-07-31T16:15:21.562Z [Modules] Streaming discord_krisp@1 to /home/carne/.config/discord/0.0.62/modules/pending/discord_krisp-1.zip: 51%
2024-07-31T16:15:21.562Z [Modules] Streaming discord_krisp@1 to /home/carne/.config/discord/0.0.62/modules/pending/discord_krisp-1.zip: 52%
2024-07-31T16:15:21.576Z [Modules] Streaming discord_krisp@1 to /home/carne/.config/discord/0.0.62/modules/pending/discord_krisp-1.zip: 53%
2024-07-31T16:15:21.577Z [Modules] Streaming discord_krisp@1 to /home/carne/.config/discord/0.0.62/modules/pending/discord_krisp-1.zip: 54%
2024-07-31T16:15:21.590Z [Modules] Streaming discord_krisp@1 to /home/carne/.config/discord/0.0.62/modules/pending/discord_krisp-1.zip: 55%
2024-07-31T16:15:21.598Z [Modules] Streaming discord_krisp@1 to /home/carne/.config/discord/0.0.62/modules/pending/discord_krisp-1.zip: 56%
2024-07-31T16:15:21.601Z [Modules] Streaming discord_krisp@1 to /home/carne/.config/discord/0.0.62/modules/pending/discord_krisp-1.zip: 57%
2024-07-31T16:15:21.608Z [Modules] Streaming discord_krisp@1 to /home/carne/.config/discord/0.0.62/modules/pending/discord_krisp-1.zip: 58%
2024-07-31T16:15:21.612Z [Modules] Streaming discord_krisp@1 to /home/carne/.config/discord/0.0.62/modules/pending/discord_krisp-1.zip: 59%
2024-07-31T16:15:21.615Z [Modules] Streaming discord_krisp@1 to /home/carne/.config/discord/0.0.62/modules/pending/discord_krisp-1.zip: 60%
2024-07-31T16:15:21.618Z [Modules] Streaming discord_krisp@1 to /home/carne/.config/discord/0.0.62/modules/pending/discord_krisp-1.zip: 61%
2024-07-31T16:15:21.620Z [Modules] Streaming discord_krisp@1 to /home/carne/.config/discord/0.0.62/modules/pending/discord_krisp-1.zip: 62%
2024-07-31T16:15:21.624Z [Modules] Streaming discord_krisp@1 to /home/carne/.config/discord/0.0.62/modules/pending/discord_krisp-1.zip: 63%
2024-07-31T16:15:21.632Z [Modules] Streaming discord_krisp@1 to /home/carne/.config/discord/0.0.62/modules/pending/discord_krisp-1.zip: 65%
2024-07-31T16:15:21.634Z [Modules] Streaming discord_krisp@1 to /home/carne/.config/discord/0.0.62/modules/pending/discord_krisp-1.zip: 66%
2024-07-31T16:15:21.636Z [Modules] Streaming discord_krisp@1 to /home/carne/.config/discord/0.0.62/modules/pending/discord_krisp-1.zip: 67%
2024-07-31T16:15:21.637Z [Modules] Streaming discord_krisp@1 to /home/carne/.config/discord/0.0.62/modules/pending/discord_krisp-1.zip: 68%
2024-07-31T16:15:21.640Z [Modules] Streaming discord_krisp@1 to /home/carne/.config/discord/0.0.62/modules/pending/discord_krisp-1.zip: 69%
2024-07-31T16:15:21.642Z [Modules] Streaming discord_krisp@1 to /home/carne/.config/discord/0.0.62/modules/pending/discord_krisp-1.zip: 70%
2024-07-31T16:15:21.650Z [Modules] Streaming discord_krisp@1 to /home/carne/.config/discord/0.0.62/modules/pending/discord_krisp-1.zip: 71%
2024-07-31T16:15:21.652Z [Modules] Streaming discord_krisp@1 to /home/carne/.config/discord/0.0.62/modules/pending/discord_krisp-1.zip: 72%
2024-07-31T16:15:21.655Z [Modules] Streaming discord_krisp@1 to /home/carne/.config/discord/0.0.62/modules/pending/discord_krisp-1.zip: 73%
2024-07-31T16:15:21.658Z [Modules] Streaming discord_krisp@1 to /home/carne/.config/discord/0.0.62/modules/pending/discord_krisp-1.zip: 74%
2024-07-31T16:15:21.660Z [Modules] Streaming discord_krisp@1 to /home/carne/.config/discord/0.0.62/modules/pending/discord_krisp-1.zip: 75%
2024-07-31T16:15:21.663Z [Modules] Streaming discord_krisp@1 to /home/carne/.config/discord/0.0.62/modules/pending/discord_krisp-1.zip: 76%
2024-07-31T16:15:21.668Z [Modules] Streaming discord_krisp@1 to /home/carne/.config/discord/0.0.62/modules/pending/discord_krisp-1.zip: 77%
2024-07-31T16:15:21.670Z [Modules] Streaming discord_krisp@1 to /home/carne/.config/discord/0.0.62/modules/pending/discord_krisp-1.zip: 78%
2024-07-31T16:15:21.677Z [Modules] Streaming discord_krisp@1 to /home/carne/.config/discord/0.0.62/modules/pending/discord_krisp-1.zip: 79%
2024-07-31T16:15:21.680Z [Modules] Streaming discord_krisp@1 to /home/carne/.config/discord/0.0.62/modules/pending/discord_krisp-1.zip: 80%
2024-07-31T16:15:21.682Z [Modules] Streaming discord_krisp@1 to /home/carne/.config/discord/0.0.62/modules/pending/discord_krisp-1.zip: 81%
2024-07-31T16:15:21.684Z [Modules] Streaming discord_krisp@1 to /home/carne/.config/discord/0.0.62/modules/pending/discord_krisp-1.zip: 82%
2024-07-31T16:15:21.686Z [Modules] Streaming discord_krisp@1 to /home/carne/.config/discord/0.0.62/modules/pending/discord_krisp-1.zip: 83%
2024-07-31T16:15:21.689Z [Modules] Streaming discord_krisp@1 to /home/carne/.config/discord/0.0.62/modules/pending/discord_krisp-1.zip: 84%
2024-07-31T16:15:21.690Z [Modules] Streaming discord_krisp@1 to /home/carne/.config/discord/0.0.62/modules/pending/discord_krisp-1.zip: 85%
2024-07-31T16:15:21.698Z [Modules] Streaming discord_krisp@1 to /home/carne/.config/discord/0.0.62/modules/pending/discord_krisp-1.zip: 86%
2024-07-31T16:15:21.700Z [Modules] Streaming discord_krisp@1 to /home/carne/.config/discord/0.0.62/modules/pending/discord_krisp-1.zip: 87%
2024-07-31T16:15:21.702Z [Modules] Streaming discord_krisp@1 to /home/carne/.config/discord/0.0.62/modules/pending/discord_krisp-1.zip: 88%
2024-07-31T16:15:21.706Z [Modules] Streaming discord_krisp@1 to /home/carne/.config/discord/0.0.62/modules/pending/discord_krisp-1.zip: 89%
2024-07-31T16:15:21.711Z [Modules] Streaming discord_krisp@1 to /home/carne/.config/discord/0.0.62/modules/pending/discord_krisp-1.zip: 90%
2024-07-31T16:15:21.717Z [Modules] Streaming discord_krisp@1 to /home/carne/.config/discord/0.0.62/modules/pending/discord_krisp-1.zip: 91%
2024-07-31T16:15:21.722Z [Modules] Streaming discord_krisp@1 to /home/carne/.config/discord/0.0.62/modules/pending/discord_krisp-1.zip: 92%
2024-07-31T16:15:21.728Z [Modules] Streaming discord_krisp@1 to /home/carne/.config/discord/0.0.62/modules/pending/discord_krisp-1.zip: 93%
2024-07-31T16:15:21.736Z [Modules] Streaming discord_krisp@1 to /home/carne/.config/discord/0.0.62/modules/pending/discord_krisp-1.zip: 94%
2024-07-31T16:15:21.742Z [Modules] Streaming discord_krisp@1 to /home/carne/.config/discord/0.0.62/modules/pending/discord_krisp-1.zip: 95%
2024-07-31T16:15:21.745Z [Modules] Streaming discord_krisp@1 to /home/carne/.config/discord/0.0.62/modules/pending/discord_krisp-1.zip: 96%
2024-07-31T16:15:21.748Z [Modules] Streaming discord_krisp@1 to /home/carne/.config/discord/0.0.62/modules/pending/discord_krisp-1.zip: 97%
2024-07-31T16:15:21.750Z [Modules] Streaming discord_krisp@1 to /home/carne/.config/discord/0.0.62/modules/pending/discord_krisp-1.zip: 98%
2024-07-31T16:15:21.752Z [Modules] Streaming discord_krisp@1 to /home/carne/.config/discord/0.0.62/modules/pending/discord_krisp-1.zip: 99%
2024-07-31T16:15:21.754Z [Modules] Streaming discord_krisp@1 to /home/carne/.config/discord/0.0.62/modules/pending/discord_krisp-1.zip: 100%
2024-07-31T16:15:21.756Z [Modules] Fetching discord_game_utils@1 from https://discord.com/api/modules/stable/discord_game_utils/1
2024-07-31T16:15:21.756Z [Modules] Streaming discord_game_utils@1 to /home/carne/.config/discord/0.0.62/modules/pending/discord_game_utils-1.zip
2024-07-31T16:15:21.756Z [Modules] Installing discord_krisp@1 from /home/carne/.config/discord/0.0.62/modules/pending/discord_krisp-1.zip
2024-07-31T16:15:21.834Z [Modules] Checking for host updates.
2024-07-31T16:15:21.925Z [Modules] Starting to install discord_rpc...
2024-07-31T16:15:21.978Z [Modules] Streaming discord_game_utils@1 to /home/carne/.config/discord/0.0.62/modules/pending/discord_game_utils-1.zip: 2%
2024-07-31T16:15:21.980Z [Modules] Streaming discord_game_utils@1 to /home/carne/.config/discord/0.0.62/modules/pending/discord_game_utils-1.zip: 5%
2024-07-31T16:15:21.981Z [Modules] Streaming discord_game_utils@1 to /home/carne/.config/discord/0.0.62/modules/pending/discord_game_utils-1.zip: 7%
2024-07-31T16:15:21.981Z [Modules] Streaming discord_game_utils@1 to /home/carne/.config/discord/0.0.62/modules/pending/discord_game_utils-1.zip: 9%
2024-07-31T16:15:21.983Z [Modules] Streaming discord_game_utils@1 to /home/carne/.config/discord/0.0.62/modules/pending/discord_game_utils-1.zip: 11%
2024-07-31T16:15:21.984Z [Modules] Streaming discord_game_utils@1 to /home/carne/.config/discord/0.0.62/modules/pending/discord_game_utils-1.zip: 14%
2024-07-31T16:15:21.985Z [Modules] Streaming discord_game_utils@1 to /home/carne/.config/discord/0.0.62/modules/pending/discord_game_utils-1.zip: 16%
2024-07-31T16:15:21.985Z [Modules] Streaming discord_game_utils@1 to /home/carne/.config/discord/0.0.62/modules/pending/discord_game_utils-1.zip: 18%
2024-07-31T16:15:21.995Z [Modules] Streaming discord_game_utils@1 to /home/carne/.config/discord/0.0.62/modules/pending/discord_game_utils-1.zip: 21%
2024-07-31T16:15:21.999Z [Modules] Streaming discord_game_utils@1 to /home/carne/.config/discord/0.0.62/modules/pending/discord_game_utils-1.zip: 23%
2024-07-31T16:15:22.001Z [Modules] Streaming discord_game_utils@1 to /home/carne/.config/discord/0.0.62/modules/pending/discord_game_utils-1.zip: 26%
2024-07-31T16:15:22.001Z [Modules] Streaming discord_game_utils@1 to /home/carne/.config/discord/0.0.62/modules/pending/discord_game_utils-1.zip: 28%
2024-07-31T16:15:22.004Z [Modules] Streaming discord_game_utils@1 to /home/carne/.config/discord/0.0.62/modules/pending/discord_game_utils-1.zip: 32%
2024-07-31T16:15:22.006Z [Modules] Streaming discord_game_utils@1 to /home/carne/.config/discord/0.0.62/modules/pending/discord_game_utils-1.zip: 36%
2024-07-31T16:15:22.013Z [Modules] Streaming discord_game_utils@1 to /home/carne/.config/discord/0.0.62/modules/pending/discord_game_utils-1.zip: 46%
2024-07-31T16:15:22.017Z [Modules] Streaming discord_game_utils@1 to /home/carne/.config/discord/0.0.62/modules/pending/discord_game_utils-1.zip: 48%
2024-07-31T16:15:22.017Z [Modules] Streaming discord_game_utils@1 to /home/carne/.config/discord/0.0.62/modules/pending/discord_game_utils-1.zip: 51%
2024-07-31T16:15:22.018Z [Modules] Streaming discord_game_utils@1 to /home/carne/.config/discord/0.0.62/modules/pending/discord_game_utils-1.zip: 55%
2024-07-31T16:15:22.020Z [Modules] Streaming discord_game_utils@1 to /home/carne/.config/discord/0.0.62/modules/pending/discord_game_utils-1.zip: 57%
2024-07-31T16:15:22.021Z [Modules] Streaming discord_game_utils@1 to /home/carne/.config/discord/0.0.62/modules/pending/discord_game_utils-1.zip: 60%
2024-07-31T16:15:22.021Z [Modules] Streaming discord_game_utils@1 to /home/carne/.config/discord/0.0.62/modules/pending/discord_game_utils-1.zip: 62%
2024-07-31T16:15:22.022Z [Modules] Streaming discord_game_utils@1 to /home/carne/.config/discord/0.0.62/modules/pending/discord_game_utils-1.zip: 64%
2024-07-31T16:15:22.023Z [Modules] Streaming discord_game_utils@1 to /home/carne/.config/discord/0.0.62/modules/pending/discord_game_utils-1.zip: 67%
2024-07-31T16:15:22.024Z [Modules] Streaming discord_game_utils@1 to /home/carne/.config/discord/0.0.62/modules/pending/discord_game_utils-1.zip: 69%
2024-07-31T16:15:22.025Z [Modules] Streaming discord_game_utils@1 to /home/carne/.config/discord/0.0.62/modules/pending/discord_game_utils-1.zip: 72%
2024-07-31T16:15:22.025Z [Modules] Streaming discord_game_utils@1 to /home/carne/.config/discord/0.0.62/modules/pending/discord_game_utils-1.zip: 74%
2024-07-31T16:15:22.026Z [Modules] Streaming discord_game_utils@1 to /home/carne/.config/discord/0.0.62/modules/pending/discord_game_utils-1.zip: 75%
2024-07-31T16:15:22.026Z [Modules] Streaming discord_game_utils@1 to /home/carne/.config/discord/0.0.62/modules/pending/discord_game_utils-1.zip: 76%
2024-07-31T16:15:22.027Z [Modules] Streaming discord_game_utils@1 to /home/carne/.config/discord/0.0.62/modules/pending/discord_game_utils-1.zip: 79%
2024-07-31T16:15:22.027Z [Modules] Streaming discord_game_utils@1 to /home/carne/.config/discord/0.0.62/modules/pending/discord_game_utils-1.zip: 81%
2024-07-31T16:15:22.030Z [Modules] Streaming discord_game_utils@1 to /home/carne/.config/discord/0.0.62/modules/pending/discord_game_utils-1.zip: 85%
2024-07-31T16:15:22.031Z [Modules] Host is up to date.
2024-07-31T16:15:22.031Z [Modules] Checking for module updates at https://discord.com/api/modules/stable/versions.json
2024-07-31T16:15:22.034Z [Modules] No module updates available.
2024-07-31T16:15:22.034Z [Modules] Streaming discord_game_utils@1 to /home/carne/.config/discord/0.0.62/modules/pending/discord_game_utils-1.zip: 87%
2024-07-31T16:15:22.035Z [Modules] Streaming discord_game_utils@1 to /home/carne/.config/discord/0.0.62/modules/pending/discord_game_utils-1.zip: 90%
2024-07-31T16:15:22.036Z [Modules] Streaming discord_game_utils@1 to /home/carne/.config/discord/0.0.62/modules/pending/discord_game_utils-1.zip: 92%
2024-07-31T16:15:22.036Z [Modules] Streaming discord_game_utils@1 to /home/carne/.config/discord/0.0.62/modules/pending/discord_game_utils-1.zip: 95%
2024-07-31T16:15:22.045Z [Modules] Streaming discord_game_utils@1 to /home/carne/.config/discord/0.0.62/modules/pending/discord_game_utils-1.zip: 97%
2024-07-31T16:15:22.046Z [Modules] Streaming discord_game_utils@1 to /home/carne/.config/discord/0.0.62/modules/pending/discord_game_utils-1.zip: 99%
2024-07-31T16:15:22.046Z [Modules] Streaming discord_game_utils@1 to /home/carne/.config/discord/0.0.62/modules/pending/discord_game_utils-1.zip: 100%
2024-07-31T16:15:22.048Z [Modules] Fetching discord_rpc@1 from https://discord.com/api/modules/stable/discord_rpc/1
2024-07-31T16:15:22.048Z [Modules] Streaming discord_rpc@1 to /home/carne/.config/discord/0.0.62/modules/pending/discord_rpc-1.zip
2024-07-31T16:15:22.256Z [Modules] Installing discord_game_utils@1 from /home/carne/.config/discord/0.0.62/modules/pending/discord_game_utils-1.zip
2024-07-31T16:15:22.290Z [Modules] Streaming discord_rpc@1 to /home/carne/.config/discord/0.0.62/modules/pending/discord_rpc-1.zip: 100%
2024-07-31T16:15:22.291Z [Modules] Finished module downloads. [success: 3] [failure: 0]
2024-07-31T16:15:22.334Z [Modules] Installing discord_rpc@1 from /home/carne/.config/discord/0.0.62/modules/pending/discord_rpc-1.zip
2024-07-31T16:15:22.347Z [Modules] Finished module installations. [success: 3] [failure: 0]
2024-07-31T17:07:54.610Z [Modules] Modules initializing
2024-07-31T17:07:54.610Z [Modules] Distribution: remote
2024-07-31T17:07:54.610Z [Modules] Host updates: enabled
2024-07-31T17:07:54.610Z [Modules] Module updates: enabled
2024-07-31T17:07:54.614Z [Modules] Module install path: /home/carne/.config/discord/0.0.62/modules
2024-07-31T17:07:54.614Z [Modules] Module installed file path: /home/carne/.config/discord/0.0.62/modules/installed.json
2024-07-31T17:07:54.614Z [Modules] Module download path: /home/carne/.config/discord/0.0.62/modules/pending
2024-07-31T17:07:55.114Z [Modules] No updates to install
2024-07-31T17:07:55.114Z [Modules] Checking for host updates.
2024-07-31T17:07:55.431Z [Modules] Host is up to date.
2024-07-31T17:07:55.431Z [Modules] Checking for module updates at https://discord.com/api/modules/stable/versions.json
2024-07-31T17:07:55.476Z [Modules] No module updates available.
2024-07-31T17:07:58.118Z [Modules] Checking for host updates.
2024-07-31T17:07:58.293Z [Modules] Host is up to date.
2024-07-31T17:07:58.293Z [Modules] Checking for module updates at https://discord.com/api/modules/stable/versions.json
2024-07-31T17:07:58.297Z [Modules] No module updates available.
2024-07-31T19:46:14.890Z [Modules] Modules initializing
2024-07-31T19:46:14.890Z [Modules] Distribution: remote
2024-07-31T19:46:14.891Z [Modules] Host updates: enabled
2024-07-31T19:46:14.891Z [Modules] Module updates: enabled
2024-07-31T19:46:14.894Z [Modules] Module install path: /home/carne/.config/discord/0.0.62/modules
2024-07-31T19:46:14.894Z [Modules] Module installed file path: /home/carne/.config/discord/0.0.62/modules/installed.json
2024-07-31T19:46:14.894Z [Modules] Module download path: /home/carne/.config/discord/0.0.62/modules/pending
2024-07-31T19:46:15.365Z [Modules] No updates to install
2024-07-31T19:46:15.365Z [Modules] Checking for host updates.
2024-07-31T19:46:15.665Z [Modules] Host is up to date.
2024-07-31T19:46:15.665Z [Modules] Checking for module updates at https://discord.com/api/modules/stable/versions.json
2024-07-31T19:46:15.719Z [Modules] No module updates available.
2024-07-31T19:46:17.903Z [Modules] Checking for host updates.
2024-07-31T19:46:18.099Z [Modules] Host is up to date.
2024-07-31T19:46:18.099Z [Modules] Checking for module updates at https://discord.com/api/modules/stable/versions.json
2024-07-31T19:46:18.104Z [Modules] No module updates available.
2024-07-31T20:14:09.324Z [Modules] Modules initializing
2024-07-31T20:14:09.324Z [Modules] Distribution: remote
2024-07-31T20:14:09.324Z [Modules] Host updates: enabled
2024-07-31T20:14:09.324Z [Modules] Module updates: enabled
2024-07-31T20:14:09.325Z [Modules] Module install path: /home/carne/.config/discord/0.0.62/modules
2024-07-31T20:14:09.325Z [Modules] Module installed file path: /home/carne/.config/discord/0.0.62/modules/installed.json
2024-07-31T20:14:09.325Z [Modules] Module download path: /home/carne/.config/discord/0.0.62/modules/pending
2024-07-31T20:14:09.752Z [Modules] No updates to install
2024-07-31T20:14:09.753Z [Modules] Checking for host updates.
2024-07-31T20:14:10.075Z [Modules] Host is up to date.
2024-07-31T20:14:10.075Z [Modules] Checking for module updates at https://discord.com/api/modules/stable/versions.json
2024-07-31T20:14:10.144Z [Modules] No module updates available.
2024-07-31T20:14:12.327Z [Modules] Checking for host updates.
2024-07-31T20:14:12.504Z [Modules] Host is up to date.
2024-07-31T20:14:12.504Z [Modules] Checking for module updates at https://discord.com/api/modules/stable/versions.json
2024-07-31T20:14:12.514Z [Modules] No module updates available.
2024-07-31T21:14:12.329Z [Modules] Checking for host updates.
2024-07-31T21:14:12.524Z [Modules] Host is up to date.
2024-07-31T21:14:12.524Z [Modules] Checking for module updates at https://discord.com/api/modules/stable/versions.json
2024-07-31T21:14:12.575Z [Modules] No module updates available.
2024-07-31T22:14:12.331Z [Modules] Checking for host updates.
2024-07-31T22:14:12.506Z [Modules] Host is up to date.
2024-07-31T22:14:12.506Z [Modules] Checking for module updates at https://discord.com/api/modules/stable/versions.json
2024-07-31T22:14:12.544Z [Modules] No module updates available.
